1
 
 
 
 
                                                             
                    Unpublished Work. Â© 2022 Siemens        
                         All Rights Reserved.                
                                                             
               This software and related documentation are   
                    proprietary to Siemens Industry          
                             Software Inc.                   
                                                             
              Siemens and the Siemens logo are registered    
             trademarks of Siemens Trademark GmbH & Co. KG.  
            Simcenter is a trademark, or registered trademark
                of Siemens Industry Software Inc. or its     
             subsidiaries in the United States and in other  
             countries.  Simcenter NASTRAN is a registered   
               trademark of Siemens Industry Software Inc.   
            All other trademarks, registered trademarks or   
               service marks belong to their respective      
                        holders.                             
                                                             
           LIMITATIONS TO U.S. GOVERNMENT RIGHTS. UNPUBLISHED
           - RIGHTS RESERVED UNDER THE COPYRIGHT LAWS OF THE 
            UNITED STATES. This computer software and related
               computer software documentation have been     
            developed exclusively at private expense and are 
           provided subject to the following rights:  If this
               computer software and computer  software      
            documentation qualify as "commercial items" (as  
             that term is defined in FAR 2.101), their use,  
            duplication or disclosure by the U.S. Government 
           is subject to the protections and restrictions as 
            set forth in the Siemens commercial license for  
            software and/or documentation, as prescribed in  
           FAR 12.212 and FAR 27.405(b)(2)(i) (for civilian  
             agencies) and in DFARS 227.7202-1(a) and DFARS  
           227.7202-3(a) (for the Department of Defense), or 
           any successor or similar regulation, as applicable
           or as amended from time to time.  If this computer
           software and computer documentation do not qualify
            as "commercial items", then they are "restricted 
           computer software" and are provided with "restric-
            tive rights", and their use, duplication or dis- 
            closure by the U.S. Government is subject to the 
            protections and restrictions as set forth in FAR 
           27.404(b) and FAR 52-227-14 (for civilian agencies
           ), and DFARS 227.7203-5(c) and DFARS 252.227-7014 
           (for the Department of Defense), or any successor 
           or similar regulation, as applicable or as amended
           from time to time. Siemens Industry Software Inc. 
           5800 Granite Parkway, Suite 600, Plano, TX 75024  
 

                * * * * * * * * * * * * * * * * * * * *
                * * * * * * * * * * * * * * * * * * * *
                * *                                 * *
                * *                                 * *
                * *                                 * *
                * *                                 * *
                * *   Simcenter Nastran 2212.5000   * *
                * *                                 * *
                * *      VERSION - 22125.5028       * *
                * *                                 * *
                * *          FEB 14, 2023           * *
                * *                                 * *
                * *                                 * *
                * *Intel64 Family 6 Model 140 Stepp * *
                * *                                 * *
                * *MODEL 11th Gen Intel(R) Core(TM) * *
                * *                                 * *
                * *           Windows 10            * *
                * *                                 * *
                * *       Compiled for X86-64       * *
                * *                                 * *
                * * * * * * * * * * * * * * * * * * * *
                * * * * * * * * * * * * * * * * * * * *
1 
  
                      Welcome to Simcenter Nastran
                      ----------------------------
  
  
 This "news" information can be turned off by setting "news=no" in the runtime
 configuration (RC) file.  The "news" keyword can be set in the system RC file
 for global, or multi-user control, and in a local file for local control.
 Individual jobs can be controlled by setting news to yes or no on the command
 line.
1                                                                          DECEMBER  11, 2023  SIMCENTER NASTRAN  2/14/23   PAGE     1
                                                                                                                                    
0        N A S T R A N    F I L E    A N D    S Y S T E M    P A R A M E T E R    E C H O                                           
0                                                                                                                                   
                                                                                                                                    
                                                                                                                                    
     NASTRAN BUFFSIZE=32769 $(C:/PROGRAM FILES/SIEMENS/NX2212/NXNASTRAN/CONF/NASTRAN.
     NASTRAN BUFFPOOL=5812                                                           
     NASTRAN DIAGA=128 DIAGB=0 $(C:/PROGRAM FILES/SIEMENS/NX2212/NXNASTRAN/CONF/NASTR
     NASTRAN SYSTEM(442)=2 $(COMMAND LINE[5])                                        
     NASTRAN REAL=2115371008 $(MEMORY LIMIT FOR MPI AND OTHER SPECIALIZED MODULES)   
     $*$$$$$$$$$$$$$$$$$$$$$$$$$$$$$$$$$$$$$$$$$$$$$$$$$$$$$$$$$$$$$$$$$             
     $*                                                                              
     $*                    SIMCENTER V2212.0.0.5000 TRANSLATOR                       
     $*                    FOR SIMCENTER NASTRAN VERSION 2212.0                      
     $*                                                                              
     $*             FEM FILE: C:\USERS\PC\DOCUMENTS\MCOMP_24\SIMULAçõES\GEOMETRIA INT
     $*             SIM FILE: C:\USERS\PC\DOCUMENTS\MCOMP_24\SIMULAçõES\GEOMETRIA INT
     $*        ANALYSIS TYPE: THERMAL                                                
     $*        SOLUTION NAME: SOLUTION 1                                             
     $*        SOLUTION TYPE: SOL 153 STEADY STATE NONLINEAR HEAT TRANSFER           
     $*                                                                              
     $*    SOLVER INPUT FILE: GEOMETRIA_INTEIRA_SIM2-SOLUTION_1.DAT                  
     $*        CREATION DATE: 11-DEC-2023                                            
     $*        CREATION TIME: 16:56:02                                               
     $*             HOSTNAME: HP                                                     
     $*      NASTRAN LICENSE: DESKTOP BUNDLE                                         
     $*                                                                              
     $*                UNITS: MM (MILLI-NEWTON)                                      
     $*                      ... LENGTH : MM                                         
     $*                      ... TIME   : SEC                                        
     $*                      ... MASS   : KILOGRAM (KG)                              
     $*                      ... TEMPERATURE : DEG CELSIUS                           
     $*                      ... FORCE  : MILLI-NEWTON                               
     $*                      ... THERMAL ENERGY : MN-MM (MICRO-JOULE)                
     $*                                                                              
     $* OBSERVAÇÃO IMPORTANTE:                                                       
     $*     ESTE BANNER FOI GERADO PELO SIMCENTER E A ALTERAçãO DESTAS               
     $*     INFORMAçõES PODE COMPROMETER O PRé/PóS-PROCESSAMENTO DOS RESULTADOS      
     $*                                                                              
     $*$$$$$$$$$$$$$$$$$$$$$$$$$$$$$$$$$$$$$$$$$$$$$$$$$$$$$$$$$$$$$$$$$             
     $*                                                                              
     $*$$$$$$$$$$$$$$$$$$$$$$$$$$$$$$$$$$$                                           
     $*                                                                              
     $* FILE MANAGEMENT                                                              
     $*                                                                              
     $*$$$$$$$$$$$$$$$$$$$$$$$$$$$$$$$$$$$                                           
     $*                                                                              
     $*                                                                              
     $*$$$$$$$$$$$$$$$$$$$$$$$$$$$$$$$$$$$                                           
     $*                                                                              
     $* EXECUTIVE CONTROL                                                            
     $*                                                                              
     $*$$$$$$$$$$$$$$$$$$$$$$$$$$$$$$$$$$$                                           
     $*                                                                              
1                                                                          DECEMBER  11, 2023  SIMCENTER NASTRAN  2/14/23   PAGE     2
                                                                                                                                    
0        N A S T R A N    E X E C U T I V E    C O N T R O L    E C H O                                                             
0                                                                                                                                   
                                                                                                                                    
                                                                                                                                    
     ID,NASTRAN,GEOMETRIA_INTEIRA_SIM2-SOLUTION_1                                            
     SOL 153                                                                                 
     CEND                                                                                    
1                                                                          DECEMBER  11, 2023  SIMCENTER NASTRAN  2/14/23   PAGE     3
                                                                                                                                    
0                                                                                                                                   
0                                        C A S E    C O N T R O L    E C H O                                                        
                 COMMAND                                                                                                            
                 COUNT                                                                                                              
                  1      $*                                                                                      
                  2      $*$$$$$$$$$$$$$$$$$$$$$$$$$$$$$$$$$$$                                                   
                  3      $*                                                                                      
                  4      $* CASE CONTROL                                                                         
                  5      $*                                                                                      
                  6      $*$$$$$$$$$$$$$$$$$$$$$$$$$$$$$$$$$$$                                                   
                  7      $*                                                                                      
                  8      ECHO = NONE                                                                             
                  9      ANALYSIS = HEAT                                                                         
                 10      NLPARM = 100                                                                            
                 11      OUTPUT                                                                                  
                 12      FLUX(PLOT) = ALL                                                                        
                 13      THERMAL(PLOT) = ALL                                                                     
                 14      $*  STEP: SUBCASE - LOADS, CONSTRAINTS 1                                                
                 15      SUBCASE 1                                                                               
                 16        LABEL = SUBCASE - LOADS, CONSTRAINTS 1                                                
                 17        LOAD = 101                                                                            
                 18        SPC = 3                                                                               
                 19      $*                                                                                      
                 20      $*$$$$$$$$$$$$$$$$$$$$$$$$$$$$$$$$$$$                                                   
                 21      $*                                                                                      
                 22      $* BULK DATA                                                                            
                 23      $*                                                                                      
                 24      $*$$$$$$$$$$$$$$$$$$$$$$$$$$$$$$$$$$$                                                   
                 25      $*                                                                                      
                 26      BEGIN BULK                                                                              
0                             INPUT BULK DATA ENTRY COUNT =        3853
0                       TOTAL COUNT=      3825


                                        M O D E L   S U M M A R Y

                                   NUMBER OF GRID     POINTS   =     1496
 
 
                                   NUMBER OF CHBDYE   ELEMENTS =      110
                                   NUMBER OF CTRIA6   ELEMENTS =      688
 
 *** USER INFORMATION MESSAGE 4109 (OUTPBN2)
     THE LABEL IS NX2212.5 FOR FORTRAN UNIT 12
     (MAXIMUM SIZE OF FORTRAN RECORDS WRITTEN =        7 WORDS.)
     (NUMBER OF FORTRAN RECORDS WRITTEN =        8 RECORDS.)
     (TOTAL DATA WRITTEN FOR TAPE LABEL =       17 WORDS.)
1                                                                          DECEMBER  11, 2023  SIMCENTER NASTRAN  2/14/23   PAGE     4
                                                                                                                                    
0                                                                                                                                   
0                                                                                                                                   
                                                                                                                                    
                                                                                                                                    
 *** USER INFORMATION MESSAGE 4114 (OUTPBN2)
     DATA BLOCK IBULK    WRITTEN ON FORTRAN UNIT  12, TRL =
                    101                 1                 0                 0                 0                 0                 0
     (MAXIMUM POSSIBLE FORTRAN RECORD SIZE =    65538 WORDS.)
     (MAXIMUM SIZE OF FORTRAN RECORDS WRITTEN =       20 WORDS.)
     (NUMBER OF FORTRAN RECORDS WRITTEN =    19274 RECORDS.)
     (TOTAL DATA WRITTEN FOR DATA BLOCK =    92471 WORDS.)
 *** USER INFORMATION MESSAGE 4114 (OUTPBN2)
     DATA BLOCK ICASE    WRITTEN ON FORTRAN UNIT  12, TRL =
                    102                28                 0                 0                 0                 0                 0
     (MAXIMUM POSSIBLE FORTRAN RECORD SIZE =    65538 WORDS.)
     (MAXIMUM SIZE OF FORTRAN RECORDS WRITTEN =       20 WORDS.)
     (NUMBER OF FORTRAN RECORDS WRITTEN =      154 RECORDS.)
     (TOTAL DATA WRITTEN FOR DATA BLOCK =      698 WORDS.)
 *** USER INFORMATION MESSAGE 4114 (OUTPBN2)
     DATA BLOCK CASECC   WRITTEN ON FORTRAN UNIT  12, TRL =
                    103                 1                 0              1200                 0                 0                 0
     (MAXIMUM POSSIBLE FORTRAN RECORD SIZE =    65538 WORDS.)
     (MAXIMUM SIZE OF FORTRAN RECORDS WRITTEN =     1200 WORDS.)
     (NUMBER OF FORTRAN RECORDS WRITTEN =       19 RECORDS.)
     (TOTAL DATA WRITTEN FOR DATA BLOCK =     1226 WORDS.)
 *** USER INFORMATION MESSAGE 4114 (OUTPBN2)
     DATA BLOCK PVT0     WRITTEN ON FORTRAN UNIT  12, TRL =
                    101                24                 0                 0                 0                 0                 0
     (MAXIMUM POSSIBLE FORTRAN RECORD SIZE =    65538 WORDS.)
     (MAXIMUM SIZE OF FORTRAN RECORDS WRITTEN =       24 WORDS.)
     (NUMBER OF FORTRAN RECORDS WRITTEN =       19 RECORDS.)
     (TOTAL DATA WRITTEN FOR DATA BLOCK =       50 WORDS.)
 *** USER INFORMATION MESSAGE 4114 (OUTPBN2)
     DATA BLOCK GPL      WRITTEN ON FORTRAN UNIT  12, TRL =
                    101              1496              1496                 0                 0                 0                 0
     (MAXIMUM POSSIBLE FORTRAN RECORD SIZE =    65538 WORDS.)
     (MAXIMUM SIZE OF FORTRAN RECORDS WRITTEN =     2992 WORDS.)
     (NUMBER OF FORTRAN RECORDS WRITTEN =       24 RECORDS.)
     (TOTAL DATA WRITTEN FOR DATA BLOCK =     4519 WORDS.)
 *** USER INFORMATION MESSAGE 4114 (OUTPBN2)
     DATA BLOCK GPDT     WRITTEN ON FORTRAN UNIT  12, TRL =
                    102              1496                 7                 0                 1                 0                 0
     (MAXIMUM POSSIBLE FORTRAN RECORD SIZE =    65538 WORDS.)
     (MAXIMUM SIZE OF FORTRAN RECORDS WRITTEN =    14960 WORDS.)
     (NUMBER OF FORTRAN RECORDS WRITTEN =       19 RECORDS.)
     (TOTAL DATA WRITTEN FOR DATA BLOCK =    14986 WORDS.)
 *** USER INFORMATION MESSAGE 4114 (OUTPBN2)
     DATA BLOCK EPT      WRITTEN ON FORTRAN UNIT  12, TRL =
                    101                 0               512                 0                 0                 0                 0
     (MAXIMUM POSSIBLE FORTRAN RECORD SIZE =    65538 WORDS.)
     (MAXIMUM SIZE OF FORTRAN RECORDS WRITTEN =       14 WORDS.)
     (NUMBER OF FORTRAN RECORDS WRITTEN =       24 RECORDS.)
     (TOTAL DATA WRITTEN FOR DATA BLOCK =       47 WORDS.)
1                                                                          DECEMBER  11, 2023  SIMCENTER NASTRAN  2/14/23   PAGE     5
                                                                                                                                    
0                                                                                                                                   
0                                                                                                                                   
                                                                                                                                    
                                                                                                                                    
 *** USER INFORMATION MESSAGE 4114 (OUTPBN2)
     DATA BLOCK MPT      WRITTEN ON FORTRAN UNIT  12, TRL =
                    101                 0              2052                 0                 0                 0                 0
     (MAXIMUM POSSIBLE FORTRAN RECORD SIZE =    65538 WORDS.)
     (MAXIMUM SIZE OF FORTRAN RECORDS WRITTEN =       22 WORDS.)
     (NUMBER OF FORTRAN RECORDS WRITTEN =       29 RECORDS.)
     (TOTAL DATA WRITTEN FOR DATA BLOCK =       73 WORDS.)
 *** USER INFORMATION MESSAGE 4114 (OUTPBN2)
     DATA BLOCK GEOM2    WRITTEN ON FORTRAN UNIT  12, TRL =
                    101                 0                 0                 1                 0                 0              8192
     (MAXIMUM POSSIBLE FORTRAN RECORD SIZE =    65538 WORDS.)
     (MAXIMUM SIZE OF FORTRAN RECORDS WRITTEN =     9635 WORDS.)
     (NUMBER OF FORTRAN RECORDS WRITTEN =       29 RECORDS.)
     (TOTAL DATA WRITTEN FOR DATA BLOCK =    10445 WORDS.)
 *** USER INFORMATION MESSAGE 4114 (OUTPBN2)
     DATA BLOCK GEOM3    WRITTEN ON FORTRAN UNIT  12, TRL =
                    102                 0              2048                 0                 8                 0                 0
     (MAXIMUM POSSIBLE FORTRAN RECORD SIZE =    65538 WORDS.)
     (MAXIMUM SIZE OF FORTRAN RECORDS WRITTEN =      443 WORDS.)
     (NUMBER OF FORTRAN RECORDS WRITTEN =       29 RECORDS.)
     (TOTAL DATA WRITTEN FOR DATA BLOCK =      491 WORDS.)
 *** USER INFORMATION MESSAGE 4114 (OUTPBN2)
     DATA BLOCK GEOM4    WRITTEN ON FORTRAN UNIT  12, TRL =
                    103                 0                 0                 0               512                 0                 0
     (MAXIMUM POSSIBLE FORTRAN RECORD SIZE =    65538 WORDS.)
     (MAXIMUM SIZE OF FORTRAN RECORDS WRITTEN =       87 WORDS.)
     (NUMBER OF FORTRAN RECORDS WRITTEN =       24 RECORDS.)
     (TOTAL DATA WRITTEN FOR DATA BLOCK =      120 WORDS.)
 *** USER INFORMATION MESSAGE 4114 (OUTPBN2)
     DATA BLOCK GEOM1    WRITTEN ON FORTRAN UNIT  12, TRL =
                    104                 0                 0                 8                 0                 0                 0
     (MAXIMUM POSSIBLE FORTRAN RECORD SIZE =    65538 WORDS.)
     (MAXIMUM SIZE OF FORTRAN RECORDS WRITTEN =    16459 WORDS.)
     (NUMBER OF FORTRAN RECORDS WRITTEN =       24 RECORDS.)
     (TOTAL DATA WRITTEN FOR DATA BLOCK =    16492 WORDS.)
 *** USER INFORMATION MESSAGE 4114 (OUTPBN2)
     DATA BLOCK BGPDT    WRITTEN ON FORTRAN UNIT  12, TRL =
                    105              1496                 0              1496                 1                 0              1496
     (MAXIMUM POSSIBLE FORTRAN RECORD SIZE =    65538 WORDS.)
     (MAXIMUM SIZE OF FORTRAN RECORDS WRITTEN =    17952 WORDS.)
     (NUMBER OF FORTRAN RECORDS WRITTEN =       24 RECORDS.)
     (TOTAL DATA WRITTEN FOR DATA BLOCK =    20974 WORDS.)
 *** USER INFORMATION MESSAGE 4114 (OUTPBN2)
     DATA BLOCK EQEXIN   WRITTEN ON FORTRAN UNIT  12, TRL =
                    101              1496                 0                 0                 0                 0                 0
     (MAXIMUM POSSIBLE FORTRAN RECORD SIZE =    65538 WORDS.)
     (MAXIMUM SIZE OF FORTRAN RECORDS WRITTEN =     2992 WORDS.)
     (NUMBER OF FORTRAN RECORDS WRITTEN =       24 RECORDS.)
     (TOTAL DATA WRITTEN FOR DATA BLOCK =     6014 WORDS.)
 ^^^ USER INFORMATION MESSAGE 9048 (NLSTATIC)    
1                                                                          DECEMBER  11, 2023  SIMCENTER NASTRAN  2/14/23   PAGE     6
                                                                                                                                    
0                                                                                                                                   
 ^^^ LINEAR ELEMENTS ARE CONNECTED TO THE    ANALYSIS SET (A-SET).   
 *** SYSTEM INFORMATION MESSAGE 6916 (DFMSYN)
     DECOMP ORDERING METHOD CHOSEN: DEFAULT, ORDERING METHOD USED: BEND
1                                                                          DECEMBER  11, 2023  SIMCENTER NASTRAN  2/14/23   PAGE     7
                                                                                                                                    
0                                                                                                                                   
 *** USER INFORMATION MESSAGE 7310 (VECPRN)
     ORIGIN OF SUPERELEMENT BASIC COORDINATE SYSTEM WILL BE USED AS REFERENCE LOCATION.
     RESULTANTS ABOUT ORIGIN OF SUPERELEMENT BASIC COORDINATE SYSTEM IN SUPERELEMENT BASIC SYSTEM COORDINATES.
0                                                  OLOAD    RESULTANT       
  SUBCASE/
  DAREA ID        T1             T2             T3             R1             R2             R3
0        1  -3.2000000E+03
1                                                                          DECEMBER  11, 2023  SIMCENTER NASTRAN  2/14/23   PAGE     8
                                                                                                                                    
0                                                                                                                                   
0                             N O N - L I N E A R   I T E R A T I O N   M O D U L E   O U T P U T

     STIFFNESS UPDATE TIME          0.02 SECONDS                                                               SUBCASE        1
            ITERATION TIME          0.00 SECONDS                                                        LOAD FACTOR   1.0000000

                        - - - CONVERGENCE  FACTORS - - -                      - - - LINE SEARCH DATA - - -
0ITERATION      EUI         EPI         EWI      LAMBDA       DLMAG       FACTOR     E-FIRST     E-FINAL   NQNV  NLS  ENIC  NDV  MDV

         1  9.9000E+01  1.5443E-12  1.5443E-12  1.0000E-01  4.5654E-12  1.0000E+00  1.2947E-14  1.2947E-14    0    0     0    0    1
 *** USER INFORMATION MESSAGE 6186 (NCONVG)
     *** SOLUTION HAS CONVERGED ***
         SUBID    1     LOOPID    1     LOAD STEP    1.000     LOAD FACTOR 1.00000000

 ^^^ USER INFORMATION MESSAGE 9005 (NLSTATIC)    
 ^^^ THE SOLUTION FOR LOOPID=            1 IS SAVED FOR RESTART    
 ^^^     
 ^^^ USER INFORMATION MESSAGE 9210 (NLSTATIC)    
 ^^^ NONLINEAR STATIC ANALYSIS COMPLETED.    
 ^^^     
 *** USER INFORMATION MESSAGE 4114 (OUTPBN2)
     DATA BLOCK TOUGV1   WRITTEN ON FORTRAN UNIT  12, TRL =
                    101                 0             11968                11                23                 0                 1
     (MAXIMUM POSSIBLE FORTRAN RECORD SIZE =    65538 WORDS.)
     (MAXIMUM SIZE OF FORTRAN RECORDS WRITTEN =    11968 WORDS.)
     (NUMBER OF FORTRAN RECORDS WRITTEN =       24 RECORDS.)
     (TOTAL DATA WRITTEN FOR DATA BLOCK =    12149 WORDS.)
 *** USER INFORMATION MESSAGE 4114 (OUTPBN2)
     DATA BLOCK HOEF1    WRITTEN ON FORTRAN UNIT  12, TRL =
                    101                63                12                11                23                 0                 1
     (MAXIMUM POSSIBLE FORTRAN RECORD SIZE =    65538 WORDS.)
     (MAXIMUM SIZE OF FORTRAN RECORDS WRITTEN =     6192 WORDS.)
     (NUMBER OF FORTRAN RECORDS WRITTEN =       34 RECORDS.)
     (TOTAL DATA WRITTEN FOR DATA BLOCK =     7402 WORDS.)
1                                                                          DECEMBER  11, 2023  SIMCENTER NASTRAN  2/14/23   PAGE     9
                                                                                                                                    
0                                                                                                                                   
1                                                                          DECEMBER  11, 2023  SIMCENTER NASTRAN  2/14/23   PAGE    10
                                                                                                                                    
0                                                                                                                                   
 *** USER INFORMATION MESSAGE 4114 (OUTPBN2)
     DATA BLOCK OEF1X    WRITTEN ON FORTRAN UNIT  12, TRL =
                    101               101                 0                 0                 0                 0                 0
     (MAXIMUM POSSIBLE FORTRAN RECORD SIZE =    65538 WORDS.)
     (MAXIMUM SIZE OF FORTRAN RECORDS WRITTEN =     6192 WORDS.)
     (NUMBER OF FORTRAN RECORDS WRITTEN =       34 RECORDS.)
     (TOTAL DATA WRITTEN FOR DATA BLOCK =     7402 WORDS.)
 *** USER INFORMATION MESSAGE 4110 (OUTPBN2)
                                 END-OF-DATA SIMULATION ON FORTRAN UNIT 12
                                 (MAXIMUM SIZE OF FORTRAN RECORDS WRITTEN =      1 WORDS.)
                                       (NUMBER OF FORTRAN RECORDS WRITTEN =      1 RECORDS.)
                                       (TOTAL DATA WRITTEN FOR EOF MARKER =      1 WORDS.)
1                                                                          DECEMBER  11, 2023  SIMCENTER NASTRAN  2/14/23   PAGE    11
                                                                                                                                    
0                                                                                                                                   
 * * * *  D B D I C T   P R I N T  * * * *      SUBDMAP = PRTSUM  ,  DMAP STATEMENT NO.     28



0                                   * * * *  A N A L Y S I S  S U M M A R Y  T A B L E  * * * *
0 SEID  PEID PROJ VERS APRCH      SEMG SEMR SEKR SELG SELR MODES DYNRED SOLLIN PVALID SOLNL LOOPID DESIGN CYCLE SENSITIVITY
 --------------------------------------------------------------------------------------------------------------------------
     0     0    1    1 'HEAT    '    T    F    F    T    F     F      F      F      0     F      0            0           F
     0     0    1    1 'HEAT    '    F    F    F    F    F     F      F      F      0     T      1            0           F
0SEID = SUPERELEMENT ID.
 PEID = PRIMARY SUPERELEMENT ID OF IMAGE SUPERELEMENT.
 PROJ = PROJECT ID NUMBER.
 VERS = VERSION ID.
 APRCH = BLANK FOR STRUCTURAL ANALYSIS.  HEAT FOR HEAT TRANSFER ANALYSIS.
 SEMG = STIFFNESS AND MASS MATRIX GENERATION STEP.
 SEMR = MASS MATRIX REDUCTION STEP (INCLUDES EIGENVALUE SOLUTION FOR MODES).
 SEKR = STIFFNESS MATRIX REDUCTION STEP.
 SELG = LOAD MATRIX GENERATION STEP.
 SELR = LOAD MATRIX REDUCTION STEP. 
 MODES = T (TRUE) IF NORMAL MODES OR BUCKLING MODES CALCULATED.
 DYNRED = T (TRUE) MEANS GENERALIZED DYNAMIC AND/OR COMPONENT MODE REDUCTION PERFORMED.
 SOLLIN = T (TRUE) IF LINEAR SOLUTION EXISTS IN DATABASE.
 PVALID = P-DISTRIBUTION ID OF P-VALUE FOR P-ELEMENTS
 LOOPID = THE LAST LOOPID VALUE USED IN THE NONLINEAR ANALYSIS.  USEFUL FOR RESTARTS.
 SOLNL = T (TRUE) IF NONLINEAR SOLUTION EXISTS IN DATABASE.
 DESIGN CYCLE = THE LAST DESIGN CYCLE (ONLY VALID IN OPTIMIZATION).
 SENSITIVITY = SENSITIVITY MATRIX GENERATION FLAG.
1                                        * * * END OF JOB * * *
 
 
